----------

Thu Nov 10 2022 14:49:20 GMT+0100 (Mitteleuropäische Normalzeit)

Everything up-to-date


----------

Tue Nov 08 2022 12:31:58 GMT+0100 (Mitteleuropäische Normalzeit)

warning: LF will be replaced by CRLF in 404.html.
The file will have its original line endings in your working directory


----------

Tue Nov 08 2022 12:31:58 GMT+0100 (Mitteleuropäische Normalzeit)

warning: LF will be replaced by CRLF in Dashboard.html.
The file will have its original line endings in your working directory


----------

Tue Nov 08 2022 12:31:58 GMT+0100 (Mitteleuropäische Normalzeit)

warning: LF will be replaced by CRLF in assets/bootstrap/css/bootstrap.min.css.
The file will have its original line endings in your working directory


----------

Tue Nov 08 2022 12:31:58 GMT+0100 (Mitteleuropäische Normalzeit)

warning: LF will be replaced by CRLF in assets/bootstrap/js/bootstrap.min.js.
The file will have its original line endings in your working directory


----------

Tue Nov 08 2022 12:31:58 GMT+0100 (Mitteleuropäische Normalzeit)

warning: LF will be replaced by CRLF in assets/fonts/fa-brands-400.svg.
The file will have its original line endings in your working directory


----------

Tue Nov 08 2022 12:31:58 GMT+0100 (Mitteleuropäische Normalzeit)

warning: LF will be replaced by CRLF in assets/fonts/fa-regular-400.svg.
The file will have its original line endings in your working directory


----------

Tue Nov 08 2022 12:31:58 GMT+0100 (Mitteleuropäische Normalzeit)

warning: LF will be replaced by CRLF in assets/fonts/fa-solid-900.svg.
The file will have its original line endings in your working directory


----------

Tue Nov 08 2022 12:31:58 GMT+0100 (Mitteleuropäische Normalzeit)

warning: LF will be replaced by CRLF in assets/fonts/fontawesome-all.min.css.
The file will have its original line endings in your working directory


----------

Tue Nov 08 2022 12:31:58 GMT+0100 (Mitteleuropäische Normalzeit)

warning: LF will be replaced by CRLF in assets/img/Atlas Logo.svg.
The file will have its original line endings in your working directory


----------

Tue Nov 08 2022 12:31:58 GMT+0100 (Mitteleuropäische Normalzeit)

warning: LF will be replaced by CRLF in assets/js/bs-init.js.
The file will have its original line endings in your working directory


----------

Tue Nov 08 2022 12:31:58 GMT+0100 (Mitteleuropäische Normalzeit)

warning: LF will be replaced by CRLF in assets/js/chart.min.js.
The file will have its original line endings in your working directory


----------

Tue Nov 08 2022 12:31:58 GMT+0100 (Mitteleuropäische Normalzeit)

warning: LF will be replaced by CRLF in assets/js/theme.js.
The file will have its original line endings in your working directory


----------

Tue Nov 08 2022 12:31:58 GMT+0100 (Mitteleuropäische Normalzeit)

warning: LF will be replaced by CRLF in blank.html.
The file will have its original line endings in your working directory


----------

Tue Nov 08 2022 12:31:58 GMT+0100 (Mitteleuropäische Normalzeit)

warning: LF will be replaced by CRLF in error.log.
The file will have its original line endings in your working directory


----------

Tue Nov 08 2022 12:31:58 GMT+0100 (Mitteleuropäische Normalzeit)

warning: LF will be replaced by CRLF in index.html.
The file will have its original line endings in your working directory


----------

Tue Nov 08 2022 12:31:58 GMT+0100 (Mitteleuropäische Normalzeit)

warning: LF will be replaced by CRLF in login.html.
The file will have its original line endings in your working directory


----------

Tue Nov 08 2022 12:31:58 GMT+0100 (Mitteleuropäische Normalzeit)

warning: LF will be replaced by CRLF in profile.html.
The file will have its original line endings in your working directory


----------

Tue Nov 08 2022 12:31:58 GMT+0100 (Mitteleuropäische Normalzeit)

warning: LF will be replaced by CRLF in register.html.
The file will have its original line endings in your working directory


----------

Tue Nov 08 2022 12:31:58 GMT+0100 (Mitteleuropäische Normalzeit)

warning: LF will be replaced by CRLF in table.html.
The file will have its original line endings in your working directory


----------

Tue Nov 08 2022 12:32:01 GMT+0100 (Mitteleuropäische Normalzeit)

To github.com:Yasammez0/Yasammez0.github.io..git
   2042f3d..de8197f  master -> master


----------

Thu Nov 10 2022 14:47:41 GMT+0100 (Mitteleuropäische Normalzeit)

warning: LF will be replaced by CRLF in 404.html.
The file will have its original line endings in your working directory


----------

Thu Nov 10 2022 14:47:41 GMT+0100 (Mitteleuropäische Normalzeit)

warning: LF will be replaced by CRLF in Dashboard.html.
The file will have its original line endings in your working directory


----------

Thu Nov 10 2022 14:47:41 GMT+0100 (Mitteleuropäische Normalzeit)

warning: LF will be replaced by CRLF in assets/bootstrap/css/bootstrap.min.css.
The file will have its original line endings in your working directory


----------

Thu Nov 10 2022 14:47:41 GMT+0100 (Mitteleuropäische Normalzeit)

warning: LF will be replaced by CRLF in assets/bootstrap/js/bootstrap.min.js.
The file will have its original line endings in your working directory


----------

Thu Nov 10 2022 14:47:41 GMT+0100 (Mitteleuropäische Normalzeit)

warning: LF will be replaced by CRLF in assets/fonts/fa-brands-400.svg.
The file will have its original line endings in your working directory


----------

Thu Nov 10 2022 14:47:41 GMT+0100 (Mitteleuropäische Normalzeit)

warning: LF will be replaced by CRLF in assets/fonts/fa-regular-400.svg.
The file will have its original line endings in your working directory


----------

Thu Nov 10 2022 14:47:41 GMT+0100 (Mitteleuropäische Normalzeit)

warning: LF will be replaced by CRLF in assets/fonts/fa-solid-900.svg.
The file will have its original line endings in your working directory


----------

Thu Nov 10 2022 14:47:41 GMT+0100 (Mitteleuropäische Normalzeit)

warning: LF will be replaced by CRLF in assets/fonts/fontawesome-all.min.css.
The file will have its original line endings in your working directory


----------

Thu Nov 10 2022 14:47:41 GMT+0100 (Mitteleuropäische Normalzeit)

warning: LF will be replaced by CRLF in assets/img/Atlas Logo.svg.
The file will have its original line endings in your working directory


----------

Thu Nov 10 2022 14:47:42 GMT+0100 (Mitteleuropäische Normalzeit)

warning: LF will be replaced by CRLF in assets/js/bs-init.js.
The file will have its original line endings in your working directory


----------

Thu Nov 10 2022 14:47:42 GMT+0100 (Mitteleuropäische Normalzeit)

warning: LF will be replaced by CRLF in assets/js/chart.min.js.
The file will have its original line endings in your working directory


----------

Thu Nov 10 2022 14:47:42 GMT+0100 (Mitteleuropäische Normalzeit)

warning: LF will be replaced by CRLF in assets/js/theme.js.
The file will have its original line endings in your working directory


----------

Thu Nov 10 2022 14:47:42 GMT+0100 (Mitteleuropäische Normalzeit)

warning: LF will be replaced by CRLF in blank.html.
The file will have its original line endings in your working directory


----------

Thu Nov 10 2022 14:47:42 GMT+0100 (Mitteleuropäische Normalzeit)

warning: LF will be replaced by CRLF in error.log.
The file will have its original line endings in your working directory


----------

Thu Nov 10 2022 14:47:42 GMT+0100 (Mitteleuropäische Normalzeit)

warning: LF will be replaced by CRLF in index.html.
The file will have its original line endings in your working directory


----------

Thu Nov 10 2022 14:47:42 GMT+0100 (Mitteleuropäische Normalzeit)

warning: LF will be replaced by CRLF in login.html.
The file will have its original line endings in your working directory


----------

Thu Nov 10 2022 14:47:42 GMT+0100 (Mitteleuropäische Normalzeit)

warning: LF will be replaced by CRLF in profile.html.
The file will have its original line endings in your working directory


----------

Thu Nov 10 2022 14:47:42 GMT+0100 (Mitteleuropäische Normalzeit)

warning: LF will be replaced by CRLF in register.html.
The file will have its original line endings in your working directory


----------

Thu Nov 10 2022 14:47:42 GMT+0100 (Mitteleuropäische Normalzeit)

warning: LF will be replaced by CRLF in table.html.
The file will have its original line endings in your working directory


----------

Thu Nov 10 2022 14:47:44 GMT+0100 (Mitteleuropäische Normalzeit)

To github.com:Yasammez0/Yasammez0.github.io..git
 ! [rejected]        master -> master (fetch first)
error: failed to push some refs to 'github.com:Yasammez0/Yasammez0.github.io..git'


----------

Thu Nov 10 2022 14:47:44 GMT+0100 (Mitteleuropäische Normalzeit)

hint: Updates were rejected because the remote contains work that you do
hint: not have locally. This is usually caused by another repository pushing
hint: to the same ref. You may want to first integrate the remote changes
hint: (e.g., 'git pull ...') before pushing again.
hint: See the 'Note about fast-forwards' in 'git push --help' for details.


----------

Thu Nov 10 2022 14:50:42 GMT+0100 (Mitteleuropäische Normalzeit)

warning: LF will be replaced by CRLF in 404.html.
The file will have its original line endings in your working directory


----------

Thu Nov 10 2022 14:50:42 GMT+0100 (Mitteleuropäische Normalzeit)

warning: LF will be replaced by CRLF in Dashboard.html.
The file will have its original line endings in your working directory


----------

Thu Nov 10 2022 14:50:42 GMT+0100 (Mitteleuropäische Normalzeit)

warning: LF will be replaced by CRLF in assets/bootstrap/css/bootstrap.min.css.
The file will have its original line endings in your working directory


----------

Thu Nov 10 2022 14:50:42 GMT+0100 (Mitteleuropäische Normalzeit)

warning: LF will be replaced by CRLF in assets/bootstrap/js/bootstrap.min.js.
The file will have its original line endings in your working directory


----------

Thu Nov 10 2022 14:50:42 GMT+0100 (Mitteleuropäische Normalzeit)

warning: LF will be replaced by CRLF in assets/fonts/fa-brands-400.svg.
The file will have its original line endings in your working directory


----------

Thu Nov 10 2022 14:50:42 GMT+0100 (Mitteleuropäische Normalzeit)

warning: LF will be replaced by CRLF in assets/fonts/fa-regular-400.svg.
The file will have its original line endings in your working directory


----------

Thu Nov 10 2022 14:50:42 GMT+0100 (Mitteleuropäische Normalzeit)

warning: LF will be replaced by CRLF in assets/fonts/fa-solid-900.svg.
The file will have its original line endings in your working directory


----------

Thu Nov 10 2022 14:50:42 GMT+0100 (Mitteleuropäische Normalzeit)

warning: LF will be replaced by CRLF in assets/fonts/fontawesome-all.min.css.
The file will have its original line endings in your working directory


----------

Thu Nov 10 2022 14:50:42 GMT+0100 (Mitteleuropäische Normalzeit)

warning: LF will be replaced by CRLF in assets/img/Atlas Logo.svg.
The file will have its original line endings in your working directory


----------

Thu Nov 10 2022 14:50:42 GMT+0100 (Mitteleuropäische Normalzeit)

warning: LF will be replaced by CRLF in assets/js/theme.js.
The file will have its original line endings in your working directory


----------

Thu Nov 10 2022 14:50:42 GMT+0100 (Mitteleuropäische Normalzeit)

warning: LF will be replaced by CRLF in blank.html.
The file will have its original line endings in your working directory


----------

Thu Nov 10 2022 14:50:42 GMT+0100 (Mitteleuropäische Normalzeit)

warning: LF will be replaced by CRLF in error.log.
The file will have its original line endings in your working directory


----------

Thu Nov 10 2022 14:50:42 GMT+0100 (Mitteleuropäische Normalzeit)

warning: LF will be replaced by CRLF in index.html.
The file will have its original line endings in your working directory


----------

Thu Nov 10 2022 14:50:42 GMT+0100 (Mitteleuropäische Normalzeit)

warning: LF will be replaced by CRLF in login.html.
The file will have its original line endings in your working directory


----------

Thu Nov 10 2022 14:50:42 GMT+0100 (Mitteleuropäische Normalzeit)

warning: LF will be replaced by CRLF in profile.html.
The file will have its original line endings in your working directory


----------

Thu Nov 10 2022 14:50:42 GMT+0100 (Mitteleuropäische Normalzeit)

warning: LF will be replaced by CRLF in register.html.
The file will have its original line endings in your working directory


----------

Thu Nov 10 2022 14:50:42 GMT+0100 (Mitteleuropäische Normalzeit)

warning: LF will be replaced by CRLF in table.html.
The file will have its original line endings in your working directory


----------

Thu Nov 10 2022 14:50:44 GMT+0100 (Mitteleuropäische Normalzeit)

To github.com:Yasammez0/Yasammez0.github.io..git
 ! [rejected]        master -> master (fetch first)
error: failed to push some refs to 'github.com:Yasammez0/Yasammez0.github.io..git'


----------

Thu Nov 10 2022 14:50:44 GMT+0100 (Mitteleuropäische Normalzeit)

hint: Updates were rejected because the remote contains work that you do
hint: not have locally. This is usually caused by another repository pushing
hint: to the same ref. You may want to first integrate the remote changes
hint: (e.g., 'git pull ...') before pushing again.
hint: See the 'Note about fast-forwards' in 'git push --help' for details.


----------

Thu Nov 10 2022 14:51:11 GMT+0100 (Mitteleuropäische Normalzeit)

warning: LF will be replaced by CRLF in 404.html.
The file will have its original line endings in your working directory


----------

Thu Nov 10 2022 14:51:11 GMT+0100 (Mitteleuropäische Normalzeit)

warning: LF will be replaced by CRLF in Dashboard.html.
The file will have its original line endings in your working directory


----------

Thu Nov 10 2022 14:51:11 GMT+0100 (Mitteleuropäische Normalzeit)

warning: LF will be replaced by CRLF in assets/bootstrap/css/bootstrap.min.css.
The file will have its original line endings in your working directory


----------

Thu Nov 10 2022 14:51:11 GMT+0100 (Mitteleuropäische Normalzeit)

warning: LF will be replaced by CRLF in assets/bootstrap/js/bootstrap.min.js.
The file will have its original line endings in your working directory


----------

Thu Nov 10 2022 14:51:11 GMT+0100 (Mitteleuropäische Normalzeit)

warning: LF will be replaced by CRLF in assets/fonts/fa-brands-400.svg.
The file will have its original line endings in your working directory


----------

Thu Nov 10 2022 14:51:11 GMT+0100 (Mitteleuropäische Normalzeit)

warning: LF will be replaced by CRLF in assets/fonts/fa-regular-400.svg.
The file will have its original line endings in your working directory


----------

Thu Nov 10 2022 14:51:11 GMT+0100 (Mitteleuropäische Normalzeit)

warning: LF will be replaced by CRLF in assets/fonts/fa-solid-900.svg.
The file will have its original line endings in your working directory


----------

Thu Nov 10 2022 14:51:11 GMT+0100 (Mitteleuropäische Normalzeit)

warning: LF will be replaced by CRLF in assets/fonts/fontawesome-all.min.css.
The file will have its original line endings in your working directory


----------

Thu Nov 10 2022 14:51:11 GMT+0100 (Mitteleuropäische Normalzeit)

warning: LF will be replaced by CRLF in assets/img/Atlas Logo.svg.
The file will have its original line endings in your working directory


----------

Thu Nov 10 2022 14:51:11 GMT+0100 (Mitteleuropäische Normalzeit)

warning: LF will be replaced by CRLF in assets/js/theme.js.
The file will have its original line endings in your working directory


----------

Thu Nov 10 2022 14:51:11 GMT+0100 (Mitteleuropäische Normalzeit)

warning: LF will be replaced by CRLF in blank.html.
The file will have its original line endings in your working directory


----------

Thu Nov 10 2022 14:51:11 GMT+0100 (Mitteleuropäische Normalzeit)

warning: LF will be replaced by CRLF in error.log.
The file will have its original line endings in your working directory


----------

Thu Nov 10 2022 14:51:11 GMT+0100 (Mitteleuropäische Normalzeit)

warning: LF will be replaced by CRLF in index.html.
The file will have its original line endings in your working directory


----------

Thu Nov 10 2022 14:51:11 GMT+0100 (Mitteleuropäische Normalzeit)

warning: LF will be replaced by CRLF in login.html.
The file will have its original line endings in your working directory


----------

Thu Nov 10 2022 14:51:11 GMT+0100 (Mitteleuropäische Normalzeit)

warning: LF will be replaced by CRLF in profile.html.
The file will have its original line endings in your working directory


----------

Thu Nov 10 2022 14:51:11 GMT+0100 (Mitteleuropäische Normalzeit)

warning: LF will be replaced by CRLF in register.html.
The file will have its original line endings in your working directory


----------

Thu Nov 10 2022 14:51:11 GMT+0100 (Mitteleuropäische Normalzeit)

warning: LF will be replaced by CRLF in table.html.
The file will have its original line endings in your working directory


----------

Thu Nov 10 2022 14:51:13 GMT+0100 (Mitteleuropäische Normalzeit)

To github.com:Yasammez0/Yasammez0.github.io..git
 ! [rejected]        master -> master (fetch first)
error: failed to push some refs to 'github.com:Yasammez0/Yasammez0.github.io..git'


----------

Thu Nov 10 2022 14:51:13 GMT+0100 (Mitteleuropäische Normalzeit)

hint: Updates were rejected because the remote contains work that you do
hint: not have locally. This is usually caused by another repository pushing
hint: to the same ref. You may want to first integrate the remote changes
hint: (e.g., 'git pull ...') before pushing again.
hint: See the 'Note about fast-forwards' in 'git push --help' for details.


----------

Thu Nov 10 2022 14:53:20 GMT+0100 (Mitteleuropäische Normalzeit)

warning: LF will be replaced by CRLF in 404.html.
The file will have its original line endings in your working directory


----------

Thu Nov 10 2022 14:53:20 GMT+0100 (Mitteleuropäische Normalzeit)

warning: LF will be replaced by CRLF in Dashboard.html.
The file will have its original line endings in your working directory


----------

Thu Nov 10 2022 14:53:20 GMT+0100 (Mitteleuropäische Normalzeit)

warning: LF will be replaced by CRLF in assets/bootstrap/css/bootstrap.min.css.
The file will have its original line endings in your working directory


----------

Thu Nov 10 2022 14:53:20 GMT+0100 (Mitteleuropäische Normalzeit)

warning: LF will be replaced by CRLF in assets/bootstrap/js/bootstrap.min.js.
The file will have its original line endings in your working directory


----------

Thu Nov 10 2022 14:53:20 GMT+0100 (Mitteleuropäische Normalzeit)

warning: LF will be replaced by CRLF in assets/fonts/fa-brands-400.svg.
The file will have its original line endings in your working directory


----------

Thu Nov 10 2022 14:53:20 GMT+0100 (Mitteleuropäische Normalzeit)

warning: LF will be replaced by CRLF in assets/fonts/fa-regular-400.svg.
The file will have its original line endings in your working directory


----------

Thu Nov 10 2022 14:53:20 GMT+0100 (Mitteleuropäische Normalzeit)

warning: LF will be replaced by CRLF in assets/fonts/fa-solid-900.svg.
The file will have its original line endings in your working directory


----------

Thu Nov 10 2022 14:53:20 GMT+0100 (Mitteleuropäische Normalzeit)

warning: LF will be replaced by CRLF in assets/fonts/fontawesome-all.min.css.
The file will have its original line endings in your working directory


----------

Thu Nov 10 2022 14:53:20 GMT+0100 (Mitteleuropäische Normalzeit)

warning: LF will be replaced by CRLF in assets/img/Atlas Logo.svg.
The file will have its original line endings in your working directory


----------

Thu Nov 10 2022 14:53:20 GMT+0100 (Mitteleuropäische Normalzeit)

warning: LF will be replaced by CRLF in assets/js/theme.js.
The file will have its original line endings in your working directory


----------

Thu Nov 10 2022 14:53:20 GMT+0100 (Mitteleuropäische Normalzeit)

warning: LF will be replaced by CRLF in blank.html.
The file will have its original line endings in your working directory


----------

Thu Nov 10 2022 14:53:20 GMT+0100 (Mitteleuropäische Normalzeit)

warning: LF will be replaced by CRLF in error.log.
The file will have its original line endings in your working directory


----------

Thu Nov 10 2022 14:53:20 GMT+0100 (Mitteleuropäische Normalzeit)

warning: LF will be replaced by CRLF in index.html.
The file will have its original line endings in your working directory


----------

Thu Nov 10 2022 14:53:20 GMT+0100 (Mitteleuropäische Normalzeit)

warning: LF will be replaced by CRLF in login.html.
The file will have its original line endings in your working directory


----------

Thu Nov 10 2022 14:53:20 GMT+0100 (Mitteleuropäische Normalzeit)

warning: LF will be replaced by CRLF in profile.html.
The file will have its original line endings in your working directory


----------

Thu Nov 10 2022 14:53:20 GMT+0100 (Mitteleuropäische Normalzeit)

warning: LF will be replaced by CRLF in register.html.
The file will have its original line endings in your working directory


----------

Thu Nov 10 2022 14:53:20 GMT+0100 (Mitteleuropäische Normalzeit)

warning: LF will be replaced by CRLF in table.html.
The file will have its original line endings in your working directory


----------

Thu Nov 10 2022 14:53:22 GMT+0100 (Mitteleuropäische Normalzeit)

To github.com:Yasammez0/Yasammez0.github.io..git
 ! [rejected]        master -> master (fetch first)
error: failed to push some refs to 'github.com:Yasammez0/Yasammez0.github.io..git'


----------

Thu Nov 10 2022 14:53:22 GMT+0100 (Mitteleuropäische Normalzeit)

hint: Updates were rejected because the remote contains work that you do
hint: not have locally. This is usually caused by another repository pushing
hint: to the same ref. You may want to first integrate the remote changes
hint: (e.g., 'git pull ...') before pushing again.
hint: See the 'Note about fast-forwards' in 'git push --help' for details.


----------

Thu Nov 10 2022 15:02:39 GMT+0100 (Mitteleuropäische Normalzeit)

warning: LF will be replaced by CRLF in 404.html.
The file will have its original line endings in your working directory


----------

Thu Nov 10 2022 15:02:39 GMT+0100 (Mitteleuropäische Normalzeit)

warning: LF will be replaced by CRLF in Dashboard.html.
The file will have its original line endings in your working directory


----------

Thu Nov 10 2022 15:02:39 GMT+0100 (Mitteleuropäische Normalzeit)

warning: LF will be replaced by CRLF in assets/bootstrap/css/bootstrap.min.css.
The file will have its original line endings in your working directory


----------

Thu Nov 10 2022 15:02:39 GMT+0100 (Mitteleuropäische Normalzeit)

warning: LF will be replaced by CRLF in assets/bootstrap/js/bootstrap.min.js.
The file will have its original line endings in your working directory


----------

Thu Nov 10 2022 15:02:39 GMT+0100 (Mitteleuropäische Normalzeit)

warning: LF will be replaced by CRLF in assets/fonts/fa-brands-400.svg.
The file will have its original line endings in your working directory


----------

Thu Nov 10 2022 15:02:39 GMT+0100 (Mitteleuropäische Normalzeit)

warning: LF will be replaced by CRLF in assets/fonts/fa-regular-400.svg.
The file will have its original line endings in your working directory


----------

Thu Nov 10 2022 15:02:39 GMT+0100 (Mitteleuropäische Normalzeit)

warning: LF will be replaced by CRLF in assets/fonts/fa-solid-900.svg.
The file will have its original line endings in your working directory


----------

Thu Nov 10 2022 15:02:39 GMT+0100 (Mitteleuropäische Normalzeit)

warning: LF will be replaced by CRLF in assets/fonts/fontawesome-all.min.css.
The file will have its original line endings in your working directory


----------

Thu Nov 10 2022 15:02:39 GMT+0100 (Mitteleuropäische Normalzeit)

warning: LF will be replaced by CRLF in assets/img/Atlas Logo.svg.
The file will have its original line endings in your working directory


----------

Thu Nov 10 2022 15:02:39 GMT+0100 (Mitteleuropäische Normalzeit)

warning: LF will be replaced by CRLF in assets/js/theme.js.
The file will have its original line endings in your working directory


----------

Thu Nov 10 2022 15:02:39 GMT+0100 (Mitteleuropäische Normalzeit)

warning: LF will be replaced by CRLF in blank.html.
The file will have its original line endings in your working directory


----------

Thu Nov 10 2022 15:02:39 GMT+0100 (Mitteleuropäische Normalzeit)

warning: LF will be replaced by CRLF in error.log.
The file will have its original line endings in your working directory


----------

Thu Nov 10 2022 15:02:39 GMT+0100 (Mitteleuropäische Normalzeit)

warning: LF will be replaced by CRLF in index.html.
The file will have its original line endings in your working directory


----------

Thu Nov 10 2022 15:02:39 GMT+0100 (Mitteleuropäische Normalzeit)

warning: LF will be replaced by CRLF in login.html.
The file will have its original line endings in your working directory


----------

Thu Nov 10 2022 15:02:39 GMT+0100 (Mitteleuropäische Normalzeit)

warning: LF will be replaced by CRLF in profile.html.
The file will have its original line endings in your working directory


----------

Thu Nov 10 2022 15:02:39 GMT+0100 (Mitteleuropäische Normalzeit)

warning: LF will be replaced by CRLF in register.html.
The file will have its original line endings in your working directory


----------

Thu Nov 10 2022 15:02:39 GMT+0100 (Mitteleuropäische Normalzeit)

warning: LF will be replaced by CRLF in table.html.
The file will have its original line endings in your working directory


----------

Thu Nov 10 2022 15:02:39 GMT+0100 (Mitteleuropäische Normalzeit)

warning: LF will be replaced by CRLF in n.html.
The file will have its original line endings in your working directory


----------

Thu Nov 10 2022 15:02:41 GMT+0100 (Mitteleuropäische Normalzeit)

To github.com:Yasammez0/Yasammez0.github.io..git
 ! [rejected]        master -> master (fetch first)
error: failed to push some refs to 'github.com:Yasammez0/Yasammez0.github.io..git'


----------

Thu Nov 10 2022 15:02:41 GMT+0100 (Mitteleuropäische Normalzeit)

hint: Updates were rejected because the remote contains work that you do
hint: not have locally. This is usually caused by another repository pushing
hint: to the same ref. You may want to first integrate the remote changes
hint: (e.g., 'git pull ...') before pushing again.
hint: See the 'Note about fast-forwards' in 'git push --help' for details.


----------

Thu Nov 10 2022 15:13:34 GMT+0100 (Mitteleuropäische Normalzeit)

warning: LF will be replaced by CRLF in 404.html.
The file will have its original line endings in your working directory


----------

Thu Nov 10 2022 15:13:34 GMT+0100 (Mitteleuropäische Normalzeit)

warning: LF will be replaced by CRLF in Dashboard.html.
The file will have its original line endings in your working directory


----------

Thu Nov 10 2022 15:13:35 GMT+0100 (Mitteleuropäische Normalzeit)

warning: LF will be replaced by CRLF in assets/bootstrap/css/bootstrap.min.css.
The file will have its original line endings in your working directory


----------

Thu Nov 10 2022 15:13:35 GMT+0100 (Mitteleuropäische Normalzeit)

warning: LF will be replaced by CRLF in assets/bootstrap/js/bootstrap.min.js.
The file will have its original line endings in your working directory


----------

Thu Nov 10 2022 15:13:35 GMT+0100 (Mitteleuropäische Normalzeit)

warning: LF will be replaced by CRLF in assets/fonts/fa-brands-400.svg.
The file will have its original line endings in your working directory


----------

Thu Nov 10 2022 15:13:35 GMT+0100 (Mitteleuropäische Normalzeit)

warning: LF will be replaced by CRLF in assets/fonts/fa-regular-400.svg.
The file will have its original line endings in your working directory


----------

Thu Nov 10 2022 15:13:35 GMT+0100 (Mitteleuropäische Normalzeit)

warning: LF will be replaced by CRLF in assets/fonts/fa-solid-900.svg.
The file will have its original line endings in your working directory


----------

Thu Nov 10 2022 15:13:35 GMT+0100 (Mitteleuropäische Normalzeit)

warning: LF will be replaced by CRLF in assets/fonts/fontawesome-all.min.css.
The file will have its original line endings in your working directory


----------

Thu Nov 10 2022 15:13:35 GMT+0100 (Mitteleuropäische Normalzeit)

warning: LF will be replaced by CRLF in assets/img/Atlas Logo.svg.
The file will have its original line endings in your working directory


----------

Thu Nov 10 2022 15:13:35 GMT+0100 (Mitteleuropäische Normalzeit)

warning: LF will be replaced by CRLF in assets/js/bs-init.js.
The file will have its original line endings in your working directory


----------

Thu Nov 10 2022 15:13:35 GMT+0100 (Mitteleuropäische Normalzeit)

warning: LF will be replaced by CRLF in assets/js/chart.min.js.
The file will have its original line endings in your working directory


----------

Thu Nov 10 2022 15:13:35 GMT+0100 (Mitteleuropäische Normalzeit)

warning: LF will be replaced by CRLF in assets/js/theme.js.
The file will have its original line endings in your working directory


----------

Thu Nov 10 2022 15:13:35 GMT+0100 (Mitteleuropäische Normalzeit)

warning: LF will be replaced by CRLF in blank.html.
The file will have its original line endings in your working directory


----------

Thu Nov 10 2022 15:13:35 GMT+0100 (Mitteleuropäische Normalzeit)

warning: LF will be replaced by CRLF in index.html.
The file will have its original line endings in your working directory


----------

Thu Nov 10 2022 15:13:35 GMT+0100 (Mitteleuropäische Normalzeit)

warning: LF will be replaced by CRLF in login.html.
The file will have its original line endings in your working directory


----------

Thu Nov 10 2022 15:13:35 GMT+0100 (Mitteleuropäische Normalzeit)

warning: LF will be replaced by CRLF in profile.html.
The file will have its original line endings in your working directory


----------

Thu Nov 10 2022 15:13:35 GMT+0100 (Mitteleuropäische Normalzeit)

warning: LF will be replaced by CRLF in register.html.
The file will have its original line endings in your working directory


----------

Thu Nov 10 2022 15:13:35 GMT+0100 (Mitteleuropäische Normalzeit)

warning: LF will be replaced by CRLF in table.html.
The file will have its original line endings in your working directory


----------

Thu Nov 10 2022 15:13:37 GMT+0100 (Mitteleuropäische Normalzeit)

To github.com:Yasammez0/Yasammez0.github.io..git
   e35759e..393476c  master -> master


----------

Thu Nov 10 2022 15:15:23 GMT+0100 (Mitteleuropäische Normalzeit)

warning: LF will be replaced by CRLF in 404.html.
The file will have its original line endings in your working directory


----------

Thu Nov 10 2022 15:15:23 GMT+0100 (Mitteleuropäische Normalzeit)

warning: LF will be replaced by CRLF in Dashboard.html.
The file will have its original line endings in your working directory


----------

Thu Nov 10 2022 15:15:23 GMT+0100 (Mitteleuropäische Normalzeit)

warning: LF will be replaced by CRLF in assets/bootstrap/css/bootstrap.min.css.
The file will have its original line endings in your working directory


----------

Thu Nov 10 2022 15:15:23 GMT+0100 (Mitteleuropäische Normalzeit)

warning: LF will be replaced by CRLF in assets/bootstrap/js/bootstrap.min.js.
The file will have its original line endings in your working directory


----------

Thu Nov 10 2022 15:15:23 GMT+0100 (Mitteleuropäische Normalzeit)

warning: LF will be replaced by CRLF in assets/fonts/fa-brands-400.svg.
The file will have its original line endings in your working directory


----------

Thu Nov 10 2022 15:15:23 GMT+0100 (Mitteleuropäische Normalzeit)

warning: LF will be replaced by CRLF in assets/fonts/fa-regular-400.svg.
The file will have its original line endings in your working directory


----------

Thu Nov 10 2022 15:15:23 GMT+0100 (Mitteleuropäische Normalzeit)

warning: LF will be replaced by CRLF in assets/fonts/fa-solid-900.svg.
The file will have its original line endings in your working directory


----------

Thu Nov 10 2022 15:15:23 GMT+0100 (Mitteleuropäische Normalzeit)

warning: LF will be replaced by CRLF in assets/fonts/fontawesome-all.min.css.
The file will have its original line endings in your working directory


----------

Thu Nov 10 2022 15:15:23 GMT+0100 (Mitteleuropäische Normalzeit)

warning: LF will be replaced by CRLF in assets/img/Atlas Logo.svg.
The file will have its original line endings in your working directory


----------

Thu Nov 10 2022 15:15:23 GMT+0100 (Mitteleuropäische Normalzeit)

warning: LF will be replaced by CRLF in assets/js/bs-init.js.
The file will have its original line endings in your working directory


----------

Thu Nov 10 2022 15:15:23 GMT+0100 (Mitteleuropäische Normalzeit)

warning: LF will be replaced by CRLF in assets/js/chart.min.js.
The file will have its original line endings in your working directory


----------

Thu Nov 10 2022 15:15:23 GMT+0100 (Mitteleuropäische Normalzeit)

warning: LF will be replaced by CRLF in assets/js/theme.js.
The file will have its original line endings in your working directory


----------

Thu Nov 10 2022 15:15:23 GMT+0100 (Mitteleuropäische Normalzeit)

warning: LF will be replaced by CRLF in blank.html.
The file will have its original line endings in your working directory


----------

Thu Nov 10 2022 15:15:23 GMT+0100 (Mitteleuropäische Normalzeit)

warning: LF will be replaced by CRLF in error.log.
The file will have its original line endings in your working directory


----------

Thu Nov 10 2022 15:15:23 GMT+0100 (Mitteleuropäische Normalzeit)

warning: LF will be replaced by CRLF in index.html.
The file will have its original line endings in your working directory


----------

Thu Nov 10 2022 15:15:23 GMT+0100 (Mitteleuropäische Normalzeit)

warning: LF will be replaced by CRLF in login.html.
The file will have its original line endings in your working directory


----------

Thu Nov 10 2022 15:15:23 GMT+0100 (Mitteleuropäische Normalzeit)

warning: LF will be replaced by CRLF in profile.html.
The file will have its original line endings in your working directory


----------

Thu Nov 10 2022 15:15:23 GMT+0100 (Mitteleuropäische Normalzeit)

warning: LF will be replaced by CRLF in register.html.
The file will have its original line endings in your working directory


----------

Thu Nov 10 2022 15:15:23 GMT+0100 (Mitteleuropäische Normalzeit)

warning: LF will be replaced by CRLF in table.html.
The file will have its original line endings in your working directory


----------

Thu Nov 10 2022 15:15:26 GMT+0100 (Mitteleuropäische Normalzeit)

To github.com:Yasammez0/Yasammez0.github.io..git
   393476c..d3a8efb  master -> master


----------

Thu Nov 10 2022 15:18:43 GMT+0100 (Mitteleuropäische Normalzeit)

warning: LF will be replaced by CRLF in 404.html.
The file will have its original line endings in your working directory


----------

Thu Nov 10 2022 15:18:43 GMT+0100 (Mitteleuropäische Normalzeit)

warning: LF will be replaced by CRLF in Dashboard.html.
The file will have its original line endings in your working directory


----------

Thu Nov 10 2022 15:18:43 GMT+0100 (Mitteleuropäische Normalzeit)

warning: LF will be replaced by CRLF in assets/bootstrap/css/bootstrap.min.css.
The file will have its original line endings in your working directory


----------

Thu Nov 10 2022 15:18:43 GMT+0100 (Mitteleuropäische Normalzeit)

warning: LF will be replaced by CRLF in assets/bootstrap/js/bootstrap.min.js.
The file will have its original line endings in your working directory


----------

Thu Nov 10 2022 15:18:43 GMT+0100 (Mitteleuropäische Normalzeit)

warning: LF will be replaced by CRLF in assets/fonts/fa-brands-400.svg.
The file will have its original line endings in your working directory


----------

Thu Nov 10 2022 15:18:43 GMT+0100 (Mitteleuropäische Normalzeit)

warning: LF will be replaced by CRLF in assets/fonts/fa-regular-400.svg.
The file will have its original line endings in your working directory


----------

Thu Nov 10 2022 15:18:43 GMT+0100 (Mitteleuropäische Normalzeit)

warning: LF will be replaced by CRLF in assets/fonts/fa-solid-900.svg.
The file will have its original line endings in your working directory


----------

Thu Nov 10 2022 15:18:43 GMT+0100 (Mitteleuropäische Normalzeit)

warning: LF will be replaced by CRLF in assets/fonts/fontawesome-all.min.css.
The file will have its original line endings in your working directory


----------

Thu Nov 10 2022 15:18:43 GMT+0100 (Mitteleuropäische Normalzeit)

warning: LF will be replaced by CRLF in assets/img/Atlas Logo.svg.
The file will have its original line endings in your working directory


----------

Thu Nov 10 2022 15:18:43 GMT+0100 (Mitteleuropäische Normalzeit)

warning: LF will be replaced by CRLF in assets/js/bs-init.js.
The file will have its original line endings in your working directory


----------

Thu Nov 10 2022 15:18:43 GMT+0100 (Mitteleuropäische Normalzeit)

warning: LF will be replaced by CRLF in assets/js/chart.min.js.
The file will have its original line endings in your working directory


----------

Thu Nov 10 2022 15:18:43 GMT+0100 (Mitteleuropäische Normalzeit)

warning: LF will be replaced by CRLF in assets/js/theme.js.
The file will have its original line endings in your working directory


----------

Thu Nov 10 2022 15:18:43 GMT+0100 (Mitteleuropäische Normalzeit)

warning: LF will be replaced by CRLF in blank.html.
The file will have its original line endings in your working directory


----------

Thu Nov 10 2022 15:18:43 GMT+0100 (Mitteleuropäische Normalzeit)

warning: LF will be replaced by CRLF in error.log.
The file will have its original line endings in your working directory


----------

Thu Nov 10 2022 15:18:43 GMT+0100 (Mitteleuropäische Normalzeit)

warning: LF will be replaced by CRLF in index.html.
The file will have its original line endings in your working directory


----------

Thu Nov 10 2022 15:18:43 GMT+0100 (Mitteleuropäische Normalzeit)

warning: LF will be replaced by CRLF in login.html.
The file will have its original line endings in your working directory


----------

Thu Nov 10 2022 15:18:43 GMT+0100 (Mitteleuropäische Normalzeit)

warning: LF will be replaced by CRLF in profile.html.
The file will have its original line endings in your working directory


----------

Thu Nov 10 2022 15:18:43 GMT+0100 (Mitteleuropäische Normalzeit)

warning: LF will be replaced by CRLF in register.html.
The file will have its original line endings in your working directory


----------

Thu Nov 10 2022 15:18:43 GMT+0100 (Mitteleuropäische Normalzeit)

warning: LF will be replaced by CRLF in table.html.
The file will have its original line endings in your working directory


----------

Thu Nov 10 2022 15:18:45 GMT+0100 (Mitteleuropäische Normalzeit)

To github.com:Yasammez0/Yasammez0.github.io..git
   ff52f77..3abc08f  master -> master


----------

Thu Nov 10 2022 15:24:20 GMT+0100 (Mitteleuropäische Normalzeit)

warning: LF will be replaced by CRLF in 404.html.
The file will have its original line endings in your working directory


----------

Thu Nov 10 2022 15:24:20 GMT+0100 (Mitteleuropäische Normalzeit)

warning: LF will be replaced by CRLF in Dashboard.html.
The file will have its original line endings in your working directory


----------

Thu Nov 10 2022 15:24:20 GMT+0100 (Mitteleuropäische Normalzeit)

warning: LF will be replaced by CRLF in assets/bootstrap/css/bootstrap.min.css.
The file will have its original line endings in your working directory


----------

Thu Nov 10 2022 15:24:20 GMT+0100 (Mitteleuropäische Normalzeit)

warning: LF will be replaced by CRLF in assets/bootstrap/js/bootstrap.min.js.
The file will have its original line endings in your working directory


----------

Thu Nov 10 2022 15:24:20 GMT+0100 (Mitteleuropäische Normalzeit)

warning: LF will be replaced by CRLF in assets/fonts/fa-brands-400.svg.
The file will have its original line endings in your working directory


----------

Thu Nov 10 2022 15:24:20 GMT+0100 (Mitteleuropäische Normalzeit)

warning: LF will be replaced by CRLF in assets/fonts/fa-regular-400.svg.
The file will have its original line endings in your working directory


----------

Thu Nov 10 2022 15:24:20 GMT+0100 (Mitteleuropäische Normalzeit)

warning: LF will be replaced by CRLF in assets/fonts/fa-solid-900.svg.
The file will have its original line endings in your working directory


----------

Thu Nov 10 2022 15:24:20 GMT+0100 (Mitteleuropäische Normalzeit)

warning: LF will be replaced by CRLF in assets/fonts/fontawesome-all.min.css.
The file will have its original line endings in your working directory


----------

Thu Nov 10 2022 15:24:20 GMT+0100 (Mitteleuropäische Normalzeit)

warning: LF will be replaced by CRLF in assets/img/Atlas Logo.svg.
The file will have its original line endings in your working directory


----------

Thu Nov 10 2022 15:24:20 GMT+0100 (Mitteleuropäische Normalzeit)

warning: LF will be replaced by CRLF in assets/js/bs-init.js.
The file will have its original line endings in your working directory


----------

Thu Nov 10 2022 15:24:20 GMT+0100 (Mitteleuropäische Normalzeit)

warning: LF will be replaced by CRLF in assets/js/chart.min.js.
The file will have its original line endings in your working directory


----------

Thu Nov 10 2022 15:24:20 GMT+0100 (Mitteleuropäische Normalzeit)

warning: LF will be replaced by CRLF in assets/js/theme.js.
The file will have its original line endings in your working directory


----------

Thu Nov 10 2022 15:24:20 GMT+0100 (Mitteleuropäische Normalzeit)

warning: LF will be replaced by CRLF in blank.html.
The file will have its original line endings in your working directory
warning: LF will be replaced by CRLF in index.html.
The file will have its original line endings in your working directory


----------

Thu Nov 10 2022 15:24:20 GMT+0100 (Mitteleuropäische Normalzeit)

warning: LF will be replaced by CRLF in login.html.
The file will have its original line endings in your working directory


----------

Thu Nov 10 2022 15:24:20 GMT+0100 (Mitteleuropäische Normalzeit)

warning: LF will be replaced by CRLF in profile.html.
The file will have its original line endings in your working directory


----------

Thu Nov 10 2022 15:24:20 GMT+0100 (Mitteleuropäische Normalzeit)

warning: LF will be replaced by CRLF in register.html.
The file will have its original line endings in your working directory


----------

Thu Nov 10 2022 15:24:20 GMT+0100 (Mitteleuropäische Normalzeit)

warning: LF will be replaced by CRLF in table.html.
The file will have its original line endings in your working directory


----------

Thu Nov 10 2022 15:24:23 GMT+0100 (Mitteleuropäische Normalzeit)

To github.com:Yasammez0/Yasammez0.github.io..git
   e6b58ca..402784f  master -> master


----------

Thu Nov 10 2022 15:32:57 GMT+0100 (Mitteleuropäische Normalzeit)

warning: LF will be replaced by CRLF in 404.html.
The file will have its original line endings in your working directory


----------

Thu Nov 10 2022 15:32:57 GMT+0100 (Mitteleuropäische Normalzeit)

warning: LF will be replaced by CRLF in Dashboard.html.
The file will have its original line endings in your working directory


----------

Thu Nov 10 2022 15:32:57 GMT+0100 (Mitteleuropäische Normalzeit)

warning: LF will be replaced by CRLF in assets/bootstrap/css/bootstrap.min.css.
The file will have its original line endings in your working directory


----------

Thu Nov 10 2022 15:32:57 GMT+0100 (Mitteleuropäische Normalzeit)

warning: LF will be replaced by CRLF in assets/bootstrap/js/bootstrap.min.js.
The file will have its original line endings in your working directory


----------

Thu Nov 10 2022 15:32:57 GMT+0100 (Mitteleuropäische Normalzeit)

warning: LF will be replaced by CRLF in assets/fonts/fa-brands-400.svg.
The file will have its original line endings in your working directory


----------

Thu Nov 10 2022 15:32:57 GMT+0100 (Mitteleuropäische Normalzeit)

warning: LF will be replaced by CRLF in assets/fonts/fa-regular-400.svg.
The file will have its original line endings in your working directory


----------

Thu Nov 10 2022 15:32:57 GMT+0100 (Mitteleuropäische Normalzeit)

warning: LF will be replaced by CRLF in assets/fonts/fa-solid-900.svg.
The file will have its original line endings in your working directory


----------

Thu Nov 10 2022 15:32:57 GMT+0100 (Mitteleuropäische Normalzeit)

warning: LF will be replaced by CRLF in assets/fonts/fontawesome-all.min.css.
The file will have its original line endings in your working directory


----------

Thu Nov 10 2022 15:32:57 GMT+0100 (Mitteleuropäische Normalzeit)

warning: LF will be replaced by CRLF in assets/img/Atlas Logo.svg.
The file will have its original line endings in your working directory


----------

Thu Nov 10 2022 15:32:57 GMT+0100 (Mitteleuropäische Normalzeit)

warning: LF will be replaced by CRLF in assets/js/bs-init.js.
The file will have its original line endings in your working directory


----------

Thu Nov 10 2022 15:32:57 GMT+0100 (Mitteleuropäische Normalzeit)

warning: LF will be replaced by CRLF in assets/js/chart.min.js.
The file will have its original line endings in your working directory


----------

Thu Nov 10 2022 15:32:57 GMT+0100 (Mitteleuropäische Normalzeit)

warning: LF will be replaced by CRLF in assets/js/theme.js.
The file will have its original line endings in your working directory


----------

Thu Nov 10 2022 15:32:57 GMT+0100 (Mitteleuropäische Normalzeit)

warning: LF will be replaced by CRLF in blank.html.
The file will have its original line endings in your working directory


----------

Thu Nov 10 2022 15:32:57 GMT+0100 (Mitteleuropäische Normalzeit)

warning: LF will be replaced by CRLF in error.log.
The file will have its original line endings in your working directory


----------

Thu Nov 10 2022 15:32:57 GMT+0100 (Mitteleuropäische Normalzeit)

warning: LF will be replaced by CRLF in index.html.
The file will have its original line endings in your working directory


----------

Thu Nov 10 2022 15:32:57 GMT+0100 (Mitteleuropäische Normalzeit)

warning: LF will be replaced by CRLF in login.html.
The file will have its original line endings in your working directory


----------

Thu Nov 10 2022 15:32:57 GMT+0100 (Mitteleuropäische Normalzeit)

warning: LF will be replaced by CRLF in profile.html.
The file will have its original line endings in your working directory


----------

Thu Nov 10 2022 15:32:57 GMT+0100 (Mitteleuropäische Normalzeit)

warning: LF will be replaced by CRLF in register.html.
The file will have its original line endings in your working directory


----------

Thu Nov 10 2022 15:32:57 GMT+0100 (Mitteleuropäische Normalzeit)

warning: LF will be replaced by CRLF in table.html.
The file will have its original line endings in your working directory


----------

Thu Nov 10 2022 15:33:00 GMT+0100 (Mitteleuropäische Normalzeit)

To github.com:Yasammez0/Yasammez0.github.io..git
   40e4868..34b9faf  master -> master


----------

Thu Nov 10 2022 15:38:48 GMT+0100 (Mitteleuropäische Normalzeit)

warning: LF will be replaced by CRLF in 404.html.
The file will have its original line endings in your working directory


----------

Thu Nov 10 2022 15:38:48 GMT+0100 (Mitteleuropäische Normalzeit)

warning: LF will be replaced by CRLF in Dashboard.html.
The file will have its original line endings in your working directory


----------

Thu Nov 10 2022 15:38:48 GMT+0100 (Mitteleuropäische Normalzeit)

warning: LF will be replaced by CRLF in assets/bootstrap/css/bootstrap.min.css.
The file will have its original line endings in your working directory


----------

Thu Nov 10 2022 15:38:48 GMT+0100 (Mitteleuropäische Normalzeit)

warning: LF will be replaced by CRLF in assets/bootstrap/js/bootstrap.min.js.
The file will have its original line endings in your working directory


----------

Thu Nov 10 2022 15:38:48 GMT+0100 (Mitteleuropäische Normalzeit)

warning: LF will be replaced by CRLF in assets/fonts/fa-brands-400.svg.
The file will have its original line endings in your working directory


----------

Thu Nov 10 2022 15:38:48 GMT+0100 (Mitteleuropäische Normalzeit)

warning: LF will be replaced by CRLF in assets/fonts/fa-regular-400.svg.
The file will have its original line endings in your working directory


----------

Thu Nov 10 2022 15:38:48 GMT+0100 (Mitteleuropäische Normalzeit)

warning: LF will be replaced by CRLF in assets/fonts/fa-solid-900.svg.
The file will have its original line endings in your working directory


----------

Thu Nov 10 2022 15:38:48 GMT+0100 (Mitteleuropäische Normalzeit)

warning: LF will be replaced by CRLF in assets/fonts/fontawesome-all.min.css.
The file will have its original line endings in your working directory


----------

Thu Nov 10 2022 15:38:48 GMT+0100 (Mitteleuropäische Normalzeit)

warning: LF will be replaced by CRLF in assets/img/Atlas Logo.svg.
The file will have its original line endings in your working directory


----------

Thu Nov 10 2022 15:38:48 GMT+0100 (Mitteleuropäische Normalzeit)

warning: LF will be replaced by CRLF in assets/js/theme.js.
The file will have its original line endings in your working directory


----------

Thu Nov 10 2022 15:38:48 GMT+0100 (Mitteleuropäische Normalzeit)

warning: LF will be replaced by CRLF in blank.html.
The file will have its original line endings in your working directory


----------

Thu Nov 10 2022 15:38:48 GMT+0100 (Mitteleuropäische Normalzeit)

warning: LF will be replaced by CRLF in error.log.
The file will have its original line endings in your working directory


----------

Thu Nov 10 2022 15:38:48 GMT+0100 (Mitteleuropäische Normalzeit)

warning: LF will be replaced by CRLF in index.html.
The file will have its original line endings in your working directory


----------

Thu Nov 10 2022 15:38:51 GMT+0100 (Mitteleuropäische Normalzeit)

To github.com:Yasammez0/Yasammez0.github.io..git
   34b9faf..03fc408  master -> master


